<?xml version="1.0" encoding="UTF-8"?>
<!-- Generated by org.testng.reporters.JUnitXMLReporter -->
<testsuite ignored="0" hostname="IBM-JXR2KN3" failures="1" tests="11" name="HFTestCases" time="62.324" errors="0" timestamp="2025-03-15T21:07:33 IST">
  <testcase classname="com.TN.qa.testCases.Register" name="registerWithMandatoryFields" time="1.5"/>
  <testcase classname="com.TN.qa.testCases.Register" name="registerWithExistingUser" time="0.91"/>
  <testcase classname="com.TN.qa.testCases.Register" name="registerWithoutDetails" time="0.514"/>
  <testcase classname="com.TN.qa.testCases.Login" name="loginWithValidCred" time="0.757"/>
  <testcase classname="com.TN.qa.testCases.Login" name="loginWithInvalidCred" time="0.704"/>
  <testcase classname="com.TN.qa.testCases.Login" name="loginWithInvalidEmailValidPwd" time="0.72"/>
  <testcase classname="com.TN.qa.testCases.Login" name="loginWithValidEmailInvalidPwd" time="0.66"/>
  <testcase classname="com.TN.qa.testCases.Login" name="loginWithoutCred" time="0.549"/>
  <testcase classname="com.TN.qa.testCases.SearchProduct" name="searchValidProduct" time="0.51"/>
  <testcase classname="com.TN.qa.testCases.SearchProduct" name="searchInvalidProduct" time="0.015">
    <failure type="java.lang.IllegalArgumentException" message="Keys to send should be a not null CharSequence">
      <![CDATA[java.lang.IllegalArgumentException: Keys to send should be a not null CharSequence
at org.openqa.selenium.remote.RemoteWebElement.sendKeys(RemoteWebElement.java:96)
at org.openqa.selenium.support.pagefactory.internal.LocatingElementHandler.invoke(LocatingElementHandler.java:51)
at jdk.proxy2/jdk.proxy2.$Proxy14.sendKeys(Unknown Source)
at com.TN.qa.pages.HomePage.searchProductName(HomePage.java:62)
at com.TN.qa.testCases.SearchProduct.searchInvalidProduct(SearchProduct.java:46)
at java.base/java.util.ArrayList.forEach(ArrayList.java:1597)
... Removed 27 stack frames]]>
    </failure>
  </testcase> <!-- searchInvalidProduct -->
  <testcase classname="com.TN.qa.testCases.SearchProduct" name="searchBlankProduct" time="0.0">
    <skipped/>
  </testcase> <!-- searchBlankProduct -->
</testsuite> <!-- HFTestCases -->
